[2025-02-06T17:49:36.937Z] [32minfo[39m: Server started on port: 5001
[2025-02-06T17:49:57.452Z] [32minfo[39m: Server started on port: 5001
[2025-02-06T17:51:56.120Z] [32minfo[39m: Database connected successfully
[2025-02-06T17:51:56.132Z] [32minfo[39m: Server started on port: 5001
[2025-02-06T17:52:25.202Z] [32minfo[39m: Database connected successfully
[2025-02-06T17:52:25.257Z] [32minfo[39m: Server started on port: 5001
[2025-02-06T17:52:52.782Z] [32minfo[39m: Database connected successfully
[2025-02-06T17:52:52.844Z] [32minfo[39m: Server started on port: 5001
[2025-02-06T17:53:24.776Z] [32minfo[39m: Database connected successfully
[2025-02-06T17:53:24.786Z] [32minfo[39m: Server started on port: 5001
[2025-02-06T17:54:05.480Z] [32minfo[39m: Database connected successfully
[2025-02-06T17:54:05.491Z] [32minfo[39m: Server started on port: 5001
[2025-02-06T17:54:56.972Z] [32minfo[39m: Database connected successfully
[2025-02-06T17:54:56.982Z] [32minfo[39m: Server started on port: 5001
[2025-02-06T17:55:21.170Z] [32minfo[39m: Database connected successfully
[2025-02-06T17:55:21.255Z] [32minfo[39m: Server started on port: 5001
[2025-02-06T17:55:54.351Z] [32minfo[39m: Database connected successfully
[2025-02-06T17:55:54.365Z] [32minfo[39m: Server started on port: 5001
[2025-02-06T17:56:49.234Z] [32minfo[39m: Database connected successfully
[2025-02-06T17:56:49.243Z] [32minfo[39m: Server started on port: 5001
[2025-02-06T17:57:05.800Z] [32minfo[39m: Starting user registration...
[2025-02-06T17:57:05.946Z] [31merror[39m: Error during signup for email taiwo@gmail.com: relation "users" does not exist
[2025-02-06T17:57:05.948Z] [31merror[39m: Error during user registration: Unable to create user, please try again.
[2025-02-06T17:59:30.856Z] [32minfo[39m: Database connected successfully
[2025-02-06T17:59:30.867Z] [32minfo[39m: Server started on port: 5001
[2025-02-06T18:02:31.064Z] [32minfo[39m: Database connected successfully
[2025-02-06T18:02:31.074Z] [32minfo[39m: Server started on port: 5001
[2025-02-06T18:03:45.611Z] [31merror[39m: Unable to connect to the database: type "number" does not exist
[2025-02-06T18:04:05.374Z] [32minfo[39m: Database connected successfully
[2025-02-06T18:04:05.416Z] [31merror[39m: Unable to connect to the database: type "number" does not exist
[2025-02-06T18:04:28.487Z] [32minfo[39m: Sync all models
[2025-02-06T18:04:28.528Z] [31merror[39m: Unable to connect to the database: type "number" does not exist
